<?xml version="1.0" encoding="UTF-8"?>
<testsuite name="algebra.generic.NestedMatrixTests" tests="1" skipped="0" failures="0" errors="0" timestamp="2024-02-01T16:34:05" hostname="ash12.doc.ic.ac.uk" time="0.03">
  <properties/>
  <testcase name="makeVector Test" classname="algebra.generic.NestedMatrixTests" time="0.03"/>
  <system-out><![CDATA[]]></system-out>
  <system-err><![CDATA[]]></system-err>
</testsuite>
